<?xml version="1.0" encoding="UTF-8"?>
<!-- Generated by org.testng.reporters.JUnitReportReporter -->
<testsuite hostname="Lubab" failures="0" tests="1" name="SecondTest.SecondTest" time="23.197" errors="0" timestamp="2025-05-16T22:02:34 GMT+03:00" skipped="0">
  <testcase classname="SecondTest.SecondTest" name="mySecondTest" time="23.197"/>
  <system-out/>
</testsuite> <!-- SecondTest.SecondTest -->
